Case #1: 2
Case #2: 1
Case #3: 1 2
Case #4: 2 3
Case #5: 1
Case #6: 144548726565 144548726566 144548726567 144548726568 144548726569 144548726570 144548726571 144548726572 144548726573 144548726574 144548726575 144548726576 144548726577 144548726578 144548726579 144548726580 144548726581 144548726582 144548726583 144548726584 144548726585 144548726586 144548726587 144548726588 144548726589 144548726590 144548726591 144548726592 144548726593 144548726594 144548726595
Case #7: 9704970304 9704970305 9704970306 9704970307 9704970308 9704970309 9704970310 9704970311 9704970312 9704970313 9704970314 9704970315 9704970316 9704970317 9704970318 9704970319 9704970320 9704970321 9704970322 9704970323 9704970324 9704970325 9704970326 9704970327 9704970328 9704970329 9704970330 9704970331 9704970332 9704970333 9704970334 9704970335 9704970336 9704970337 9704970338 9704970339 9704970340 9704970341 9704970342 9704970343 9704970344 9704970345 9704970346 9704970347 9704970348 9704970349 9704970350 9704970351 9704970352 9704970353 9704970354 9704970355 9704970356 9704970357 9704970358 9704970359 9704970360 9704970361 9704970362 9704970363 9704970364 9704970365 9704970366 9704970367 9704970368 9704970369 9704970370 9704970371 9704970372 9704970373 9704970374 9704970375 9704970376 9704970377 9704970378 9704970379 9704970380 9704970381 9704970382 9704970383 9704970384 9704970385 9704970386 9704970387 9704970388 9704970389 9704970390 9704970391 9704970392 9704970393 9704970394 9704970395 9704970396
Case #8: 1 2 3 4 5 6 7 8 9 10 11 12 13 14 15 16 17 18 19 20 21 22 23 24 25 26 27 28 29 30 31 32
Case #9: 2
Case #10: 28
Case #11: 10195366 10195367 10195368 10195369 10195370 10195371 10195372 10195373 10195374 10195375 10195376 10195377 10195378 10195379 10195380 10195381 10195382 10195383 10195384 10195385 10195386 10195387 10195388 10195389 10195390 10195391 10195392 10195393 10195394 10195395 10195396 10195397 10195398 10195399 10195400 10195401 10195402 10195403 10195404 10195405 10195406 10195407 10195408 10195409 10195410 10195411 10195412 10195413 10195414 10195415 10195416
Case #12: 5872551179181 5872551179182 5872551179183 5872551179184 5872551179185 5872551179186 5872551179187 5872551179188 5872551179189 5872551179190 5872551179191 5872551179192 5872551179193 5872551179194 5872551179195 5872551179196
Case #13: 10204 10205 10206 10207 10208 10209 10210 10211 10212 10213 10214 10215 10216 10217 10218 10219 10220 10221 10222 10223 10224 10225 10226 10227 10228 10229 10230 10231 10232 10233 10234 10235 10236 10237 10238 10239 10240 10241 10242 10243 10244 10245 10246 10247 10248 10249 10250 10251 10252 10253 10254 10255 10256 10257 10258 10259 10260 10261 10262 10263 10264 10265 10266 10267 10268 10269 10270 10271 10272 10273 10274 10275 10276 10277 10278 10279 10280 10281 10282 10283 10284 10285 10286 10287 10288 10289 10290 10291 10292 10293 10294 10295 10296 10297 10298 10299 10300
Case #14: 2 3 4
Case #15: 947656709 947656710 947656711 947656712 947656713 947656714 947656715 947656716 947656717 947656718 947656719 947656720 947656721 947656722 947656723 947656724 947656725 947656726 947656727 947656728 947656729 947656730 947656731 947656732
Case #16: 1 2 3 4 5 6 7 8 9 10 11 12 13 14 15 16 17 18 19 20 21 22 23 24 25 26 27 28 29 30 31 32 33 34 35 36 37 38
Case #17: 2 3 4 5 6 7 8 9 10 11 12 13 14 15 16 17 18 19 20 21 22 23 24 25 26 27 28 29 30 31 32 33 34 35 36 37 38 39 40 41 42 43 44 45 46 47 48 49 50 51 52 53 54 55 56 57 58 59 60 61 62 63 64 65 66 67 68 69 70 71 72 73 74 75 76 77 78 79 80 81 82 83 84 85 86 87 88 89 90 91 92 93 94 95 96 97 98 99 100
Case #18: 23452286765157 23452286765158 23452286765159 23452286765160 23452286765161 23452286765162 23452286765163 23452286765164 23452286765165 23452286765166 23452286765167 23452286765168 23452286765169 23452286765170 23452286765171 23452286765172 23452286765173 23452286765174 23452286765175 23452286765176 23452286765177 23452286765178 23452286765179 23452286765180 23452286765181 23452286765182 23452286765183 23452286765184 23452286765185 23452286765186 23452286765187 23452286765188 23452286765189 23452286765190 23452286765191 23452286765192 23452286765193 23452286765194 23452286765195 23452286765196 23452286765197 23452286765198 23452286765199 23452286765200 23452286765201 23452286765202 23452286765203 23452286765204 23452286765205 23452286765206 23452286765207 23452286765208 23452286765209 23452286765210 23452286765211 23452286765212 23452286765213 23452286765214 23452286765215 23452286765216 23452286765217 23452286765218 23452286765219 23452286765220 23452286765221 23452286765222 23452286765223 23452286765224 23452286765225 23452286765226 23452286765227 23452286765228 23452286765229
Case #19: 10160736538774 10160736538775 10160736538776 10160736538777 10160736538778 10160736538779 10160736538780 10160736538781 10160736538782 10160736538783 10160736538784 10160736538785 10160736538786 10160736538787 10160736538788 10160736538789 10160736538790 10160736538791 10160736538792 10160736538793 10160736538794 10160736538795 10160736538796 10160736538797 10160736538798 10160736538799 10160736538800 10160736538801 10160736538802 10160736538803 10160736538804 10160736538805 10160736538806
Case #20: 1
Case #21: 522097132 522097133 522097134 522097135 522097136 522097137 522097138 522097139 522097140 522097141 522097142 522097143 522097144 522097145 522097146 522097147 522097148 522097149 522097150 522097151 522097152 522097153 522097154 522097155 522097156 522097157 522097158 522097159 522097160 522097161 522097162 522097163 522097164 522097165 522097166 522097167 522097168 522097169 522097170 522097171 522097172 522097173 522097174 522097175 522097176 522097177 522097178 522097179 522097180
Case #22: 6053445
Case #23: 623749 623750 623751 623752 623753 623754 623755 623756
Case #24: 320255973501902 320255973501903 320255973501904
Case #25: 102030405060709 102030405060710 102030405060711 102030405060712 102030405060713 102030405060714 102030405060715 102030405060716 102030405060717 102030405060718 102030405060719 102030405060720 102030405060721 102030405060722 102030405060723 102030405060724 102030405060725 102030405060726 102030405060727 102030405060728 102030405060729 102030405060730 102030405060731 102030405060732 102030405060733 102030405060734 102030405060735 102030405060736 102030405060737 102030405060738 102030405060739 102030405060740 102030405060741 102030405060742 102030405060743 102030405060744 102030405060745 102030405060746 102030405060747 102030405060748 102030405060749 102030405060750 102030405060751 102030405060752 102030405060753 102030405060754 102030405060755 102030405060756 102030405060757 102030405060758 102030405060759 102030405060760 102030405060761 102030405060762 102030405060763 102030405060764 102030405060765 102030405060766 102030405060767 102030405060768 102030405060769 102030405060770 102030405060771 102030405060772 102030405060773 102030405060774 102030405060775 102030405060776 102030405060777 102030405060778 102030405060779 102030405060780 102030405060781 102030405060782 102030405060783 102030405060784 102030405060785 102030405060786 102030405060787 102030405060788 102030405060789 102030405060790 102030405060791 102030405060792 102030405060793 102030405060794 102030405060795 102030405060796 102030405060797 102030405060798 102030405060799 102030405060800
Case #26: 7874976174 7874976175 7874976176 7874976177 7874976178 7874976179 7874976180 7874976181
Case #27: 53252031389 53252031390 53252031391 53252031392 53252031393 53252031394 53252031395 53252031396 53252031397 53252031398 53252031399 53252031400 53252031401 53252031402 53252031403 53252031404 53252031405 53252031406 53252031407 53252031408 53252031409 53252031410 53252031411 53252031412 53252031413 53252031414 53252031415 53252031416 53252031417 53252031418 53252031419 53252031420 53252031421 53252031422 53252031423 53252031424 53252031425 53252031426 53252031427 53252031428 53252031429 53252031430 53252031431 53252031432 53252031433 53252031434 53252031435 53252031436 53252031437 53252031438 53252031439 53252031440 53252031441 53252031442
Case #28: 213943263773 213943263774 213943263775 213943263776 213943263777 213943263778 213943263779 213943263780 213943263781 213943263782 213943263783 213943263784 213943263785 213943263786 213943263787 213943263788 213943263789 213943263790 213943263791 213943263792 213943263793 213943263794 213943263795 213943263796 213943263797 213943263798 213943263799 213943263800 213943263801 213943263802 213943263803 213943263804 213943263805 213943263806 213943263807 213943263808 213943263809 213943263810 213943263811 213943263812 213943263813 213943263814 213943263815 213943263816 213943263817 213943263818 213943263819 213943263820 213943263821 213943263822 213943263823 213943263824 213943263825 213943263826 213943263827 213943263828 213943263829 213943263830 213943263831 213943263832 213943263833 213943263834 213943263835 213943263836 213943263837 213943263838 213943263839 213943263840 213943263841 213943263842
Case #29: 1 2 3 4 5 6 7 8 9 10 11 12 13 14 15 16 17 18 19 20 21 22 23 24 25 26 27 28 29 30 31 32 33 34 35 36 37 38 39 40 41 42 43 44 45 46 47 48 49 50 51 52 53 54 55 56 57 58 59 60 61 62 63 64 65 66 67 68 69 70 71 72 73 74 75 76 77 78 79 80 81 82 83 84 85 86 87 88 89 90 91 92 93 94 95 96 97
Case #30: 1
Case #31: 1
Case #32: 2437616632 2437616633 2437616634 2437616635 2437616636 2437616637 2437616638 2437616639 2437616640 2437616641 2437616642 2437616643 2437616644 2437616645 2437616646 2437616647 2437616648 2437616649 2437616650 2437616651 2437616652 2437616653 2437616654 2437616655 2437616656 2437616657 2437616658 2437616659 2437616660 2437616661 2437616662 2437616663 2437616664 2437616665 2437616666 2437616667 2437616668 2437616669 2437616670 2437616671 2437616672 2437616673 2437616674 2437616675 2437616676 2437616677 2437616678 2437616679 2437616680 2437616681 2437616682 2437616683 2437616684 2437616685 2437616686 2437616687 2437616688 2437616689 2437616690 2437616691 2437616692 2437616693 2437616694 2437616695 2437616696 2437616697 2437616698 2437616699 2437616700
Case #33: 6
Case #34: 435754 435755 435756 435757 435758 435759 435760
Case #35: 1 2 3
Case #36: 1
Case #37: 223385 223386 223387 223388 223389 223390 223391 223392 223393 223394 223395 223396 223397 223398 223399 223400 223401 223402 223403 223404 223405 223406 223407 223408 223409 223410 223411 223412 223413 223414 223415 223416 223417 223418 223419 223420 223421 223422 223423 223424 223425 223426 223427 223428 223429 223430 223431 223432 223433 223434 223435 223436 223437 223438 223439 223440
Case #38: 1
Case #39: 361254 361255 361256 361257 361258 361259 361260 361261 361262 361263 361264 361265 361266 361267 361268 361269 361270 361271 361272
Case #40: 2503 2504 2505 2506 2507 2508 2509 2510 2511 2512 2513 2514 2515 2516 2517 2518 2519 2520 2521 2522 2523 2524 2525 2526 2527 2528 2529 2530 2531 2532 2533 2534 2535 2536 2537 2538 2539 2540 2541 2542 2543 2544 2545 2546 2547 2548
Case #41: 325385257 325385258 325385259 325385260 325385261 325385262 325385263 325385264 325385265 325385266 325385267 325385268 325385269 325385270 325385271 325385272 325385273 325385274 325385275 325385276 325385277 325385278 325385279 325385280 325385281 325385282 325385283 325385284 325385285 325385286 325385287 325385288 325385289 325385290 325385291 325385292 325385293 325385294 325385295 325385296 325385297 325385298 325385299 325385300
Case #42: 1
Case #43: 3360282007 3360282008 3360282009 3360282010 3360282011 3360282012 3360282013 3360282014 3360282015 3360282016 3360282017 3360282018 3360282019 3360282020 3360282021 3360282022 3360282023 3360282024 3360282025 3360282026 3360282027 3360282028 3360282029 3360282030 3360282031 3360282032 3360282033 3360282034 3360282035 3360282036 3360282037 3360282038 3360282039 3360282040 3360282041 3360282042 3360282043 3360282044 3360282045 3360282046 3360282047 3360282048 3360282049 3360282050 3360282051 3360282052 3360282053 3360282054 3360282055 3360282056 3360282057 3360282058 3360282059 3360282060 3360282061 3360282062 3360282063 3360282064 3360282065 3360282066 3360282067 3360282068 3360282069 3360282070 3360282071 3360282072 3360282073 3360282074 3360282075 3360282076 3360282077 3360282078 3360282079 3360282080
Case #44: 18508819 18508820 18508821 18508822 18508823 18508824 18508825 18508826 18508827 18508828 18508829 18508830 18508831 18508832 18508833 18508834 18508835 18508836 18508837 18508838 18508839 18508840
Case #45: 1 2 3 4 5 6 7 8 9 10 11 12 13 14 15 16 17 18 19 20 21 22 23 24 25 26 27 28 29 30 31 32 33 34 35 36 37 38 39 40 41 42 43 44 45 46 47 48 49 50 51 52 53
Case #46: 1 2 3 4 5 6 7 8 9 10 11 12 13 14 15 16 17 18 19 20 21
Case #47: 443769161093 443769161094 443769161095 443769161096 443769161097 443769161098 443769161099 443769161100 443769161101 443769161102 443769161103 443769161104 443769161105 443769161106 443769161107 443769161108 443769161109 443769161110 443769161111 443769161112 443769161113 443769161114 443769161115 443769161116 443769161117 443769161118 443769161119 443769161120 443769161121 443769161122 443769161123 443769161124 443769161125 443769161126 443769161127 443769161128 443769161129 443769161130 443769161131 443769161132 443769161133 443769161134 443769161135 443769161136 443769161137 443769161138 443769161139 443769161140 443769161141 443769161142 443769161143 443769161144 443769161145 443769161146 443769161147 443769161148 443769161149 443769161150 443769161151 443769161152 443769161153 443769161154 443769161155 443769161156 443769161157 443769161158 443769161159 443769161160 443769161161 443769161162 443769161163 443769161164 443769161165 443769161166 443769161167 443769161168 443769161169 443769161170 443769161171 443769161172
Case #48: 11 12 13 14 15 16
Case #49: 7 8
Case #50: 103 104 105 106 107 108 109 110 111 112 113 114 115 116 117 118 119 120 121 122 123 124 125 126 127 128 129 130 131 132 133 134 135 136 137 138 139 140 141 142 143 144 145 146 147 148 149 150 151 152 153 154 155 156 157 158 159 160 161 162 163 164 165 166 167 168 169 170 171 172 173 174 175 176 177 178 179 180 181 182 183 184 185 186 187 188 189 190 191 192 193 194 195 196 197 198 199 200
Case #51: 1 2 3 4 5 6 7 8 9 10 11 12 13 14 15 16 17 18 19 20 21 22 23 24 25 26 27 28 29 30 31 32 33 34 35 36 37 38 39 40 41 42 43 44 45 46 47 48 49 50 51 52 53 54 55 56 57 58 59 60 61 62 63 64 65 66 67 68 69 70 71 72 73 74 75 76 77 78 79 80 81
Case #52: 80 81 82 83 84 85 86 87 88 89 90 91 92 93 94 95 96 97 98 99 100 101 102 103 104 105 106 107 108 109 110 111 112 113 114 115 116 117 118 119 120 121 122 123 124 125 126 127 128 129 130 131 132 133 134 135 136 137 138 139 140 141 142 143 144 145 146 147 148 149 150 151 152 153 154
Case #53: 2
Case #54: 1
Case #55: 225867353046 225867353047 225867353048 225867353049 225867353050 225867353051 225867353052 225867353053 225867353054 225867353055 225867353056 225867353057 225867353058 225867353059 225867353060 225867353061 225867353062
Case #56: 100 101 102 103 104 105 106 107 108 109 110 111 112 113 114 115 116 117 118 119 120 121 122 123 124 125 126 127 128 129 130 131 132 133 134 135 136 137 138 139 140 141 142 143 144 145 146 147 148 149 150 151 152 153 154 155 156 157 158 159 160 161 162 163 164 165 166 167 168 169 170 171 172 173 174 175 176 177 178 179 180 181 182 183 184 185 186 187 188 189 190 191 192 193 194
Case #57: 73 74 75 76 77 78 79 80 81 82 83 84 85 86 87 88 89 90 91 92 93 94 95 96 97 98 99 100 101 102 103 104 105 106 107 108 109 110 111 112 113 114 115 116 117 118 119 120 121 122 123 124 125 126 127 128 129 130 131 132 133 134 135 136 137 138 139 140
Case #58: 2
Case #59: 6
Case #60: 28
Case #61: 1989806191 1989806192 1989806193 1989806194 1989806195 1989806196 1989806197 1989806198 1989806199 1989806200 1989806201 1989806202 1989806203 1989806204 1989806205 1989806206 1989806207 1989806208 1989806209 1989806210 1989806211 1989806212 1989806213 1989806214 1989806215 1989806216 1989806217 1989806218 1989806219 1989806220 1989806221 1989806222 1989806223 1989806224 1989806225 1989806226 1989806227 1989806228 1989806229 1989806230 1989806231 1989806232 1989806233 1989806234 1989806235 1989806236 1989806237 1989806238 1989806239 1989806240 1989806241 1989806242 1989806243 1989806244 1989806245 1989806246 1989806247 1989806248 1989806249 1989806250 1989806251 1989806252 1989806253 1989806254 1989806255 1989806256
Case #62: 45278149652935 45278149652936 45278149652937 45278149652938 45278149652939 45278149652940 45278149652941 45278149652942 45278149652943 45278149652944 45278149652945 45278149652946
Case #63: 2 3 4 5 6 7 8 9 10 11 12 13 14 15 16 17 18 19 20 21 22 23 24 25 26 27 28 29 30 31 32
Case #64: 1 2 3 4 5 6 7 8 9 10 11 12 13 14 15 16 17 18 19 20 21 22 23 24 25 26 27 28 29
Case #65: 123456790
Case #66: 1
Case #67: 1 2 3 4 5 6 7 8 9 10 11 12 13 14 15 16 17 18 19 20 21 22 23 24 25 26 27 28 29 30 31 32 33 34 35 36 37 38 39 40 41 42 43 44 45 46 47 48 49 50 51 52 53 54 55 56 57 58 59 60 61 62 63 64 65 66 67 68 69 70 71 72 73 74 75 76 77 78 79 80 81 82 83 84 85 86 87 88 89 90 91 92 93 94 95 96 97 98 99 100
Case #68: 872984122 872984123 872984124 872984125 872984126 872984127 872984128 872984129 872984130 872984131 872984132 872984133 872984134 872984135 872984136 872984137 872984138 872984139 872984140 872984141 872984142 872984143 872984144 872984145 872984146 872984147 872984148 872984149 872984150 872984151 872984152 872984153 872984154 872984155 872984156 872984157 872984158 872984159 872984160 872984161 872984162 872984163 872984164 872984165 872984166 872984167 872984168 872984169 872984170 872984171 872984172 872984173 872984174 872984175 872984176
Case #69: 1 2 3 4 5 6 7 8 9 10 11 12 13 14 15 16 17 18 19 20 21 22 23 24 25 26 27 28 29 30 31 32 33
Case #70: 15038336683837 15038336683838 15038336683839 15038336683840 15038336683841 15038336683842 15038336683843 15038336683844 15038336683845 15038336683846 15038336683847 15038336683848 15038336683849 15038336683850 15038336683851 15038336683852 15038336683853 15038336683854 15038336683855 15038336683856 15038336683857 15038336683858 15038336683859 15038336683860 15038336683861 15038336683862 15038336683863 15038336683864 15038336683865 15038336683866 15038336683867 15038336683868 15038336683869 15038336683870 15038336683871 15038336683872 15038336683873 15038336683874 15038336683875 15038336683876 15038336683877 15038336683878 15038336683879 15038336683880 15038336683881 15038336683882 15038336683883 15038336683884 15038336683885 15038336683886 15038336683887 15038336683888 15038336683889 15038336683890 15038336683891 15038336683892 15038336683893 15038336683894 15038336683895 15038336683896 15038336683897 15038336683898 15038336683899 15038336683900 15038336683901 15038336683902 15038336683903 15038336683904
Case #71: 1
Case #72: 1
Case #73: 6
Case #74: 1
Case #75: 1024708804 1024708805 1024708806 1024708807 1024708808 1024708809 1024708810 1024708811 1024708812 1024708813 1024708814 1024708815 1024708816 1024708817 1024708818 1024708819 1024708820 1024708821 1024708822 1024708823 1024708824 1024708825 1024708826 1024708827 1024708828 1024708829 1024708830 1024708831 1024708832 1024708833 1024708834 1024708835 1024708836 1024708837 1024708838 1024708839 1024708840 1024708841 1024708842 1024708843 1024708844 1024708845 1024708846 1024708847 1024708848 1024708849 1024708850 1024708851 1024708852 1024708853 1024708854 1024708855 1024708856 1024708857 1024708858 1024708859 1024708860
Case #76: 6
Case #77: 6
Case #78: 1
Case #79: 10003 10004 10005 10006 10007 10008 10009 10010 10011 10012 10013 10014 10015 10016 10017 10018 10019 10020 10021 10022 10023 10024 10025 10026 10027 10028 10029 10030 10031 10032 10033 10034 10035 10036 10037 10038 10039 10040 10041 10042 10043 10044 10045 10046 10047 10048 10049 10050 10051 10052 10053 10054 10055 10056 10057 10058 10059 10060 10061 10062 10063 10064 10065 10066 10067 10068 10069 10070 10071 10072 10073 10074 10075 10076 10077 10078 10079 10080 10081 10082 10083 10084 10085 10086 10087 10088 10089 10090 10091 10092 10093 10094 10095 10096 10097 10098
Case #80: 56 57 58 59 60 61 62 63 64 65 66 67 68 69 70 71 72 73 74 75 76 77 78 79 80 81 82 83 84 85 86 87 88 89 90 91 92 93 94 95 96 97 98 99 100 101 102 103 104 105 106
Case #81: 2778483946 2778483947 2778483948 2778483949 2778483950 2778483951 2778483952 2778483953 2778483954 2778483955 2778483956 2778483957 2778483958 2778483959 2778483960 2778483961 2778483962 2778483963 2778483964 2778483965 2778483966 2778483967 2778483968 2778483969 2778483970 2778483971 2778483972 2778483973 2778483974 2778483975 2778483976 2778483977 2778483978 2778483979 2778483980 2778483981 2778483982 2778483983 2778483984 2778483985 2778483986 2778483987 2778483988 2778483989 2778483990 2778483991 2778483992 2778483993 2778483994 2778483995 2778483996 2778483997 2778483998 2778483999 2778484000 2778484001 2778484002 2778484003 2778484004 2778484005 2778484006 2778484007 2778484008 2778484009 2778484010 2778484011 2778484012 2778484013 2778484014 2778484015 2778484016
Case #82: 76 77 78 79 80 81 82 83 84 85 86 87 88 89 90 91 92 93 94 95 96 97 98 99 100 101 102 103 104 105 106 107 108 109 110 111 112 113 114 115 116 117 118 119 120 121 122 123 124 125 126 127 128 129 130 131 132 133 134 135 136 137 138 139 140 141 142 143 144 145 146
Case #83: 2
Case #84: 2 3 4 5 6 7 8 9 10 11 12 13 14 15 16 17 18 19 20 21 22 23 24 25 26 27 28 29 30 31 32 33 34 35 36 37 38 39 40 41 42 43 44 45 46 47 48 49 50 51 52 53 54 55 56 57 58 59 60 61 62 63 64 65 66 67 68 69 70 71 72 73 74 75 76 77 78 79 80 81 82 83 84 85 86 87 88 89 90 91 92 93 94 95
Case #85: 107446288850831 107446288850832 107446288850833 107446288850834 107446288850835 107446288850836 107446288850837 107446288850838 107446288850839 107446288850840 107446288850841 107446288850842 107446288850843 107446288850844 107446288850845 107446288850846 107446288850847 107446288850848 107446288850849 107446288850850 107446288850851 107446288850852 107446288850853 107446288850854 107446288850855 107446288850856
Case #86: 1
Case #87: 1
Case #88: 55 56 57 58 59 60 61 62 63 64 65 66 67 68 69 70 71 72 73 74 75 76 77 78 79 80 81 82 83 84 85 86 87 88 89 90 91 92 93 94 95 96 97 98 99 100 101 102 103 104
Case #89: 1
Case #90: 451294366333507 451294366333508 451294366333509 451294366333510 451294366333511 451294366333512 451294366333513 451294366333514 451294366333515 451294366333516 451294366333517 451294366333518 451294366333519 451294366333520 451294366333521 451294366333522 451294366333523 451294366333524
Case #91: 476655469 476655470 476655471 476655472 476655473 476655474 476655475 476655476 476655477 476655478 476655479 476655480 476655481 476655482 476655483 476655484 476655485 476655486 476655487 476655488 476655489 476655490 476655491 476655492 476655493 476655494 476655495 476655496 476655497 476655498 476655499 476655500 476655501 476655502 476655503 476655504 476655505 476655506 476655507 476655508 476655509 476655510 476655511 476655512 476655513 476655514 476655515 476655516
Case #92: 268822560488 268822560489 268822560490 268822560491 268822560492 268822560493 268822560494 268822560495 268822560496 268822560497 268822560498 268822560499 268822560500 268822560501 268822560502 268822560503 268822560504 268822560505 268822560506 268822560507 268822560508 268822560509 268822560510 268822560511 268822560512 268822560513 268822560514 268822560515 268822560516 268822560517 268822560518 268822560519 268822560520 268822560521 268822560522 268822560523 268822560524 268822560525 268822560526 268822560527 268822560528 268822560529 268822560530 268822560531 268822560532 268822560533 268822560534 268822560535 268822560536 268822560537 268822560538 268822560539 268822560540 268822560541 268822560542 268822560543 268822560544 268822560545 268822560546 268822560547 268822560548 268822560549 268822560550 268822560551 268822560552 268822560553 268822560554 268822560555 268822560556 268822560557 268822560558 268822560559 268822560560
Case #93: 2
Case #94: 1235 1236 1237 1238 1239 1240
Case #95: 45242304197765 45242304197766 45242304197767 45242304197768 45242304197769 45242304197770 45242304197771 45242304197772 45242304197773 45242304197774 45242304197775 45242304197776 45242304197777 45242304197778 45242304197779 45242304197780 45242304197781 45242304197782 45242304197783 45242304197784 45242304197785 45242304197786 45242304197787 45242304197788 45242304197789 45242304197790 45242304197791 45242304197792 45242304197793 45242304197794 45242304197795 45242304197796 45242304197797 45242304197798 45242304197799 45242304197800 45242304197801 45242304197802 45242304197803 45242304197804 45242304197805 45242304197806 45242304197807 45242304197808 45242304197809 45242304197810 45242304197811 45242304197812 45242304197813 45242304197814 45242304197815 45242304197816 45242304197817 45242304197818 45242304197819 45242304197820 45242304197821 45242304197822 45242304197823 45242304197824 45242304197825 45242304197826 45242304197827 45242304197828 45242304197829 45242304197830 45242304197831 45242304197832 45242304197833 45242304197834 45242304197835 45242304197836 45242304197837 45242304197838 45242304197839 45242304197840 45242304197841 45242304197842 45242304197843 45242304197844 45242304197845
Case #96: 395260171 395260172 395260173 395260174 395260175 395260176 395260177 395260178 395260179 395260180 395260181 395260182 395260183 395260184 395260185 395260186 395260187 395260188 395260189 395260190 395260191 395260192 395260193 395260194 395260195 395260196 395260197 395260198 395260199 395260200 395260201 395260202 395260203 395260204 395260205 395260206 395260207 395260208 395260209 395260210 395260211 395260212 395260213 395260214 395260215 395260216
Case #97: 1852 1853 1854 1855 1856 1857 1858 1859 1860 1861 1862 1863 1864 1865 1866 1867 1868 1869 1870 1871 1872 1873 1874 1875 1876 1877 1878 1879 1880 1881 1882 1883 1884 1885 1886 1887 1888 1889 1890
Case #98: 5094148 5094149 5094150 5094151 5094152 5094153 5094154 5094155 5094156 5094157 5094158 5094159 5094160 5094161 5094162 5094163 5094164 5094165 5094166 5094167 5094168 5094169 5094170 5094171 5094172 5094173 5094174 5094175 5094176 5094177 5094178 5094179 5094180 5094181 5094182 5094183 5094184 5094185 5094186 5094187 5094188 5094189
Case #99: 487 488 489 490 491 492 493 494 495 496 497 498 499 500 501 502 503 504
Case #100: 1 2 3 4
