Case #1:
10000000000000000000000000000001 3 4 5 6 7 8 9 10 11
11100000000000000000000000000111 3 4 5 6 7 8 9 10 11
10011000000000000000000000000001 3 4 5 6 7 8 9 10 11
11111000000000000000000000000111 3 4 5 6 7 8 9 10 11
10000110000000000001100000000111 3 4 5 6 7 8 9 10 11
11100110000000000001100000000111 3 4 5 6 7 8 9 10 11
10011110000000000001100000000111 3 4 5 6 7 8 9 10 11
11111110000000000001100000000111 3 4 5 6 7 8 9 10 11
10000001100000000001111001100111 3 4 5 6 7 8 9 10 11
11100001100000000001111001100111 3 4 5 6 7 8 9 10 11
10011001100000000001111001100111 3 4 5 6 7 8 9 10 11
11111001100000000001111001100111 3 4 5 6 7 8 9 10 11
10000111100000000001111001100111 3 4 5 6 7 8 9 10 11
11100111100000000001111001100111 3 4 5 6 7 8 9 10 11
10011111100000000001111001100111 3 4 5 6 7 8 9 10 11
11111111100000000001111001100111 3 4 5 6 7 8 9 10 11
10000000011000000001100001100111 3 4 5 6 7 8 9 10 11
11100000011000000001100001100111 3 4 5 6 7 8 9 10 11
10011000011000000001100001100111 3 4 5 6 7 8 9 10 11
11111000011000000001100001100111 3 4 5 6 7 8 9 10 11
10000110011000000001100001100111 3 4 5 6 7 8 9 10 11
11100110011000000001100001100111 3 4 5 6 7 8 9 10 11
10011110011000000001100001100111 3 4 5 6 7 8 9 10 11
11111110011000000001100001100111 3 4 5 6 7 8 9 10 11
10000001111000000001111001100111 3 4 5 6 7 8 9 10 11
11100001111000000001111001100111 3 4 5 6 7 8 9 10 11
10011001111000000001111001100111 3 4 5 6 7 8 9 10 11
11111001111000000001111001100111 3 4 5 6 7 8 9 10 11
10000111111000000001111001100111 3 4 5 6 7 8 9 10 11
11100111111000000001111001100111 3 4 5 6 7 8 9 10 11
10011111111000000001111001100111 3 4 5 6 7 8 9 10 11
11111111111000000001111001100111 3 4 5 6 7 8 9 10 11
10000000000110000001111001100111 3 4 5 6 7 8 9 10 11
11100000000110000001111001100111 3 4 5 6 7 8 9 10 11
10011000000110000001111001100111 3 4 5 6 7 8 9 10 11
11111000000110000001111001100111 3 4 5 6 7 8 9 10 11
10000110000110000001111001100111 3 4 5 6 7 8 9 10 11
11100110000110000001111001100111 3 4 5 6 7 8 9 10 11
10011110000110000001111001100111 3 4 5 6 7 8 9 10 11
11111110000110000001111001100111 3 4 5 6 7 8 9 10 11
10000001100110000001111001100111 3 4 5 6 7 8 9 10 11
11100001100110000001111001100111 3 4 5 6 7 8 9 10 11
10011001100110000001111001100111 3 4 5 6 7 8 9 10 11
11111001100110000001111001100111 3 4 5 6 7 8 9 10 11
10000111100110000001111001100111 3 4 5 6 7 8 9 10 11
11100111100110000001111001100111 3 4 5 6 7 8 9 10 11
10011111100110000001111001100111 3 4 5 6 7 8 9 10 11
11111111100110000001111001100111 3 4 5 6 7 8 9 10 11
10000000011110000001111001100111 3 4 5 6 7 8 9 10 11
11100000011110000001111001100111 3 4 5 6 7 8 9 10 11
10011000011110000001111001100111 3 4 5 6 7 8 9 10 11
11111000011110000001111001100111 3 4 5 6 7 8 9 10 11
10000110011110000001111001100111 3 4 5 6 7 8 9 10 11
11100110011110000001111001100111 3 4 5 6 7 8 9 10 11
10011110011110000001111001100111 3 4 5 6 7 8 9 10 11
11111110011110000001111001100111 3 4 5 6 7 8 9 10 11
10000001111110000001111001100111 3 4 5 6 7 8 9 10 11
11100001111110000001111001100111 3 4 5 6 7 8 9 10 11
10011001111110000001111001100111 3 4 5 6 7 8 9 10 11
11111001111110000001111001100111 3 4 5 6 7 8 9 10 11
10000111111110000001111001100111 3 4 5 6 7 8 9 10 11
11100111111110000001111001100111 3 4 5 6 7 8 9 10 11
10011111111110000001111001100111 3 4 5 6 7 8 9 10 11
11111111111110000001111001100111 3 4 5 6 7 8 9 10 11
10000000000001100001111000000001 3 4 5 6 7 8 9 10 11
11100000000001100001111000000111 3 4 5 6 7 8 9 10 11
10011000000001100001111000000001 3 4 5 6 7 8 9 10 11
11111000000001100001111000000111 3 4 5 6 7 8 9 10 11
10000110000001100001111000000111 3 4 5 6 7 8 9 10 11
11100110000001100001111000000111 3 4 5 6 7 8 9 10 11
10011110000001100001111000000111 3 4 5 6 7 8 9 10 11
11111110000001100001111000000111 3 4 5 6 7 8 9 10 11
10000001100001100001111001100111 3 4 5 6 7 8 9 10 11
11100001100001100001111001100111 3 4 5 6 7 8 9 10 11
10011001100001100001111001100111 3 4 5 6 7 8 9 10 11
11111001100001100001111001100111 3 4 5 6 7 8 9 10 11
10000111100001100001111001100111 3 4 5 6 7 8 9 10 11
11100111100001100001111001100111 3 4 5 6 7 8 9 10 11
10011111100001100001111001100111 3 4 5 6 7 8 9 10 11
11111111100001100001111001100111 3 4 5 6 7 8 9 10 11
10000000011001100001111001100111 3 4 5 6 7 8 9 10 11
11100000011001100001111001100111 3 4 5 6 7 8 9 10 11
10011000011001100001111001100111 3 4 5 6 7 8 9 10 11
11111000011001100001111001100111 3 4 5 6 7 8 9 10 11
10000110011001100001111001100111 3 4 5 6 7 8 9 10 11
11100110011001100001111001100111 3 4 5 6 7 8 9 10 11
10011110011001100001111001100111 3 4 5 6 7 8 9 10 11
11111110011001100001111001100111 3 4 5 6 7 8 9 10 11
10000001111001100001111001100111 3 4 5 6 7 8 9 10 11
11100001111001100001111001100111 3 4 5 6 7 8 9 10 11
10011001111001100001111001100111 3 4 5 6 7 8 9 10 11
11111001111001100001111001100111 3 4 5 6 7 8 9 10 11
10000111111001100001111001100111 3 4 5 6 7 8 9 10 11
11100111111001100001111001100111 3 4 5 6 7 8 9 10 11
10011111111001100001111001100111 3 4 5 6 7 8 9 10 11
11111111111001100001111001100111 3 4 5 6 7 8 9 10 11
10000000000111100001111001100111 3 4 5 6 7 8 9 10 11
11100000000111100001111001100111 3 4 5 6 7 8 9 10 11
10011000000111100001111001100111 3 4 5 6 7 8 9 10 11
11111000000111100001111001100111 3 4 5 6 7 8 9 10 11
10000110000111100001111001100111 3 4 5 6 7 8 9 10 11
11100110000111100001111001100111 3 4 5 6 7 8 9 10 11
10011110000111100001111001100111 3 4 5 6 7 8 9 10 11
11111110000111100001111001100111 3 4 5 6 7 8 9 10 11
10000001100111100001111001100111 3 4 5 6 7 8 9 10 11
11100001100111100001111001100111 3 4 5 6 7 8 9 10 11
10011001100111100001111001100111 3 4 5 6 7 8 9 10 11
11111001100111100001111001100111 3 4 5 6 7 8 9 10 11
10000111100111100001111001100111 3 4 5 6 7 8 9 10 11
11100111100111100001111001100111 3 4 5 6 7 8 9 10 11
10011111100111100001111001100111 3 4 5 6 7 8 9 10 11
11111111100111100001111001100111 3 4 5 6 7 8 9 10 11
10000000011111100001111001100111 3 4 5 6 7 8 9 10 11
11100000011111100001111001100111 3 4 5 6 7 8 9 10 11
10011000011111100001111001100111 3 4 5 6 7 8 9 10 11
11111000011111100001111001100111 3 4 5 6 7 8 9 10 11
10000110011111100001111001100111 3 4 5 6 7 8 9 10 11
11100110011111100001111001100111 3 4 5 6 7 8 9 10 11
10011110011111100001111001100111 3 4 5 6 7 8 9 10 11
11111110011111100001111001100111 3 4 5 6 7 8 9 10 11
10000001111111100001111001100111 3 4 5 6 7 8 9 10 11
11100001111111100001111001100111 3 4 5 6 7 8 9 10 11
10011001111111100001111001100111 3 4 5 6 7 8 9 10 11
11111001111111100001111001100111 3 4 5 6 7 8 9 10 11
10000111111111100001111001100111 3 4 5 6 7 8 9 10 11
11100111111111100001111001100111 3 4 5 6 7 8 9 10 11
10011111111111100001111001100111 3 4 5 6 7 8 9 10 11
11111111111111100001111001100111 3 4 5 6 7 8 9 10 11
10000000000000011001111000000001 3 4 5 6 7 8 9 10 11
11100000000000011001111000000111 3 4 5 6 7 8 9 10 11
10011000000000011001111000000001 3 4 5 6 7 8 9 10 11
11111000000000011001111000000111 3 4 5 6 7 8 9 10 11
10000110000000011001111000000111 3 4 5 6 7 8 9 10 11
11100110000000011001111000000111 3 4 5 6 7 8 9 10 11
10011110000000011001111000000111 3 4 5 6 7 8 9 10 11
11111110000000011001111000000111 3 4 5 6 7 8 9 10 11
10000001100000011001111001100111 3 4 5 6 7 8 9 10 11
11100001100000011001111001100111 3 4 5 6 7 8 9 10 11
10011001100000011001111001100111 3 4 5 6 7 8 9 10 11
11111001100000011001111001100111 3 4 5 6 7 8 9 10 11
10000111100000011001111001100111 3 4 5 6 7 8 9 10 11
11100111100000011001111001100111 3 4 5 6 7 8 9 10 11
10011111100000011001111001100111 3 4 5 6 7 8 9 10 11
11111111100000011001111001100111 3 4 5 6 7 8 9 10 11
10000000011000011001111001100111 3 4 5 6 7 8 9 10 11
11100000011000011001111001100111 3 4 5 6 7 8 9 10 11
10011000011000011001111001100111 3 4 5 6 7 8 9 10 11
11111000011000011001111001100111 3 4 5 6 7 8 9 10 11
10000110011000011001111001100111 3 4 5 6 7 8 9 10 11
11100110011000011001111001100111 3 4 5 6 7 8 9 10 11
10011110011000011001111001100111 3 4 5 6 7 8 9 10 11
11111110011000011001111001100111 3 4 5 6 7 8 9 10 11
10000001111000011001111001100111 3 4 5 6 7 8 9 10 11
11100001111000011001111001100111 3 4 5 6 7 8 9 10 11
10011001111000011001111001100111 3 4 5 6 7 8 9 10 11
11111001111000011001111001100111 3 4 5 6 7 8 9 10 11
10000111111000011001111001100111 3 4 5 6 7 8 9 10 11
11100111111000011001111001100111 3 4 5 6 7 8 9 10 11
10011111111000011001111001100111 3 4 5 6 7 8 9 10 11
11111111111000011001111001100111 3 4 5 6 7 8 9 10 11
10000000000110011001111001100111 3 4 5 6 7 8 9 10 11
11100000000110011001111001100111 3 4 5 6 7 8 9 10 11
10011000000110011001111001100111 3 4 5 6 7 8 9 10 11
11111000000110011001111001100111 3 4 5 6 7 8 9 10 11
10000110000110011001111001100111 3 4 5 6 7 8 9 10 11
11100110000110011001111001100111 3 4 5 6 7 8 9 10 11
10011110000110011001111001100111 3 4 5 6 7 8 9 10 11
11111110000110011001111001100111 3 4 5 6 7 8 9 10 11
10000001100110011001111001100111 3 4 5 6 7 8 9 10 11
11100001100110011001111001100111 3 4 5 6 7 8 9 10 11
10011001100110011001111001100111 3 4 5 6 7 8 9 10 11
11111001100110011001111001100111 3 4 5 6 7 8 9 10 11
10000111100110011001111001100111 3 4 5 6 7 8 9 10 11
11100111100110011001111001100111 3 4 5 6 7 8 9 10 11
10011111100110011001111001100111 3 4 5 6 7 8 9 10 11
11111111100110011001111001100111 3 4 5 6 7 8 9 10 11
10000000011110011001111001100111 3 4 5 6 7 8 9 10 11
11100000011110011001111001100111 3 4 5 6 7 8 9 10 11
10011000011110011001111001100111 3 4 5 6 7 8 9 10 11
11111000011110011001111001100111 3 4 5 6 7 8 9 10 11
10000110011110011001111001100111 3 4 5 6 7 8 9 10 11
11100110011110011001111001100111 3 4 5 6 7 8 9 10 11
10011110011110011001111001100111 3 4 5 6 7 8 9 10 11
11111110011110011001111001100111 3 4 5 6 7 8 9 10 11
10000001111110011001111001100111 3 4 5 6 7 8 9 10 11
11100001111110011001111001100111 3 4 5 6 7 8 9 10 11
10011001111110011001111001100111 3 4 5 6 7 8 9 10 11
11111001111110011001111001100111 3 4 5 6 7 8 9 10 11
10000111111110011001111001100111 3 4 5 6 7 8 9 10 11
11100111111110011001111001100111 3 4 5 6 7 8 9 10 11
10011111111110011001111001100111 3 4 5 6 7 8 9 10 11
11111111111110011001111001100111 3 4 5 6 7 8 9 10 11
10000000000001111001111000000001 3 4 5 6 7 8 9 10 11
11100000000001111001111000000111 3 4 5 6 7 8 9 10 11
10011000000001111001111000000001 3 4 5 6 7 8 9 10 11
11111000000001111001111000000111 3 4 5 6 7 8 9 10 11
10000110000001111001111000000111 3 4 5 6 7 8 9 10 11
11100110000001111001111000000111 3 4 5 6 7 8 9 10 11
10011110000001111001111000000111 3 4 5 6 7 8 9 10 11
11111110000001111001111000000111 3 4 5 6 7 8 9 10 11
10000001100001111001111001100111 3 4 5 6 7 8 9 10 11
11100001100001111001111001100111 3 4 5 6 7 8 9 10 11
10011001100001111001111001100111 3 4 5 6 7 8 9 10 11
11111001100001111001111001100111 3 4 5 6 7 8 9 10 11
10000111100001111001111001100111 3 4 5 6 7 8 9 10 11
11100111100001111001111001100111 3 4 5 6 7 8 9 10 11
10011111100001111001111001100111 3 4 5 6 7 8 9 10 11
11111111100001111001111001100111 3 4 5 6 7 8 9 10 11
10000000011001111001111001100111 3 4 5 6 7 8 9 10 11
11100000011001111001111001100111 3 4 5 6 7 8 9 10 11
10011000011001111001111001100111 3 4 5 6 7 8 9 10 11
11111000011001111001111001100111 3 4 5 6 7 8 9 10 11
10000110011001111001111001100111 3 4 5 6 7 8 9 10 11
11100110011001111001111001100111 3 4 5 6 7 8 9 10 11
10011110011001111001111001100111 3 4 5 6 7 8 9 10 11
11111110011001111001111001100111 3 4 5 6 7 8 9 10 11
10000001111001111001111001100111 3 4 5 6 7 8 9 10 11
11100001111001111001111001100111 3 4 5 6 7 8 9 10 11
10011001111001111001111001100111 3 4 5 6 7 8 9 10 11
11111001111001111001111001100111 3 4 5 6 7 8 9 10 11
10000111111001111001111001100111 3 4 5 6 7 8 9 10 11
11100111111001111001111001100111 3 4 5 6 7 8 9 10 11
10011111111001111001111001100111 3 4 5 6 7 8 9 10 11
11111111111001111001111001100111 3 4 5 6 7 8 9 10 11
10000000000111111001111001100111 3 4 5 6 7 8 9 10 11
11100000000111111001111001100111 3 4 5 6 7 8 9 10 11
10011000000111111001111001100111 3 4 5 6 7 8 9 10 11
11111000000111111001111001100111 3 4 5 6 7 8 9 10 11
10000110000111111001111001100111 3 4 5 6 7 8 9 10 11
11100110000111111001111001100111 3 4 5 6 7 8 9 10 11
10011110000111111001111001100111 3 4 5 6 7 8 9 10 11
11111110000111111001111001100111 3 4 5 6 7 8 9 10 11
10000001100111111001111001100111 3 4 5 6 7 8 9 10 11
11100001100111111001111001100111 3 4 5 6 7 8 9 10 11
10011001100111111001111001100111 3 4 5 6 7 8 9 10 11
11111001100111111001111001100111 3 4 5 6 7 8 9 10 11
10000111100111111001111001100111 3 4 5 6 7 8 9 10 11
11100111100111111001111001100111 3 4 5 6 7 8 9 10 11
10011111100111111001111001100111 3 4 5 6 7 8 9 10 11
11111111100111111001111001100111 3 4 5 6 7 8 9 10 11
10000000011111111001111001100111 3 4 5 6 7 8 9 10 11
11100000011111111001111001100111 3 4 5 6 7 8 9 10 11
10011000011111111001111001100111 3 4 5 6 7 8 9 10 11
11111000011111111001111001100111 3 4 5 6 7 8 9 10 11
10000110011111111001111001100111 3 4 5 6 7 8 9 10 11
11100110011111111001111001100111 3 4 5 6 7 8 9 10 11
10011110011111111001111001100111 3 4 5 6 7 8 9 10 11
11111110011111111001111001100111 3 4 5 6 7 8 9 10 11
10000001111111111001111001100111 3 4 5 6 7 8 9 10 11
11100001111111111001111001100111 3 4 5 6 7 8 9 10 11
10011001111111111001111001100111 3 4 5 6 7 8 9 10 11
11111001111111111001111001100111 3 4 5 6 7 8 9 10 11
10000111111111111001111001100111 3 4 5 6 7 8 9 10 11
11100111111111111001111001100111 3 4 5 6 7 8 9 10 11
10011111111111111001111001100111 3 4 5 6 7 8 9 10 11
11111111111111111001111001100111 3 4 5 6 7 8 9 10 11
10000000000000000111100000000111 3 4 5 6 7 8 9 10 11
11100000000000000111100000000111 3 4 5 6 7 8 9 10 11
10011000000000000111100000000111 3 4 5 6 7 8 9 10 11
11111000000000000111100000000111 3 4 5 6 7 8 9 10 11
10000110000000000111100000000111 3 4 5 6 7 8 9 10 11
11100110000000000111100000000111 3 4 5 6 7 8 9 10 11
10011110000000000111100000000111 3 4 5 6 7 8 9 10 11
11111110000000000111100000000111 3 4 5 6 7 8 9 10 11
10000001100000000111111001100111 3 4 5 6 7 8 9 10 11
11100001100000000111111001100111 3 4 5 6 7 8 9 10 11
10011001100000000111111001100111 3 4 5 6 7 8 9 10 11
11111001100000000111111001100111 3 4 5 6 7 8 9 10 11
10000111100000000111111001100111 3 4 5 6 7 8 9 10 11
11100111100000000111111001100111 3 4 5 6 7 8 9 10 11
10011111100000000111111001100111 3 4 5 6 7 8 9 10 11
11111111100000000111111001100111 3 4 5 6 7 8 9 10 11
10000000011000000111100001100111 3 4 5 6 7 8 9 10 11
11100000011000000111100001100111 3 4 5 6 7 8 9 10 11
10011000011000000111100001100111 3 4 5 6 7 8 9 10 11
11111000011000000111100001100111 3 4 5 6 7 8 9 10 11
10000110011000000111100001100111 3 4 5 6 7 8 9 10 11
11100110011000000111100001100111 3 4 5 6 7 8 9 10 11
10011110011000000111100001100111 3 4 5 6 7 8 9 10 11
11111110011000000111100001100111 3 4 5 6 7 8 9 10 11
10000001111000000111111001100111 3 4 5 6 7 8 9 10 11
11100001111000000111111001100111 3 4 5 6 7 8 9 10 11
10011001111000000111111001100111 3 4 5 6 7 8 9 10 11
11111001111000000111111001100111 3 4 5 6 7 8 9 10 11
10000111111000000111111001100111 3 4 5 6 7 8 9 10 11
11100111111000000111111001100111 3 4 5 6 7 8 9 10 11
10011111111000000111111001100111 3 4 5 6 7 8 9 10 11
11111111111000000111111001100111 3 4 5 6 7 8 9 10 11
10000000000110000111111001100111 3 4 5 6 7 8 9 10 11
11100000000110000111111001100111 3 4 5 6 7 8 9 10 11
10011000000110000111111001100111 3 4 5 6 7 8 9 10 11
11111000000110000111111001100111 3 4 5 6 7 8 9 10 11
10000110000110000111111001100111 3 4 5 6 7 8 9 10 11
11100110000110000111111001100111 3 4 5 6 7 8 9 10 11
10011110000110000111111001100111 3 4 5 6 7 8 9 10 11
11111110000110000111111001100111 3 4 5 6 7 8 9 10 11
10000001100110000111111001100111 3 4 5 6 7 8 9 10 11
11100001100110000111111001100111 3 4 5 6 7 8 9 10 11
10011001100110000111111001100111 3 4 5 6 7 8 9 10 11
11111001100110000111111001100111 3 4 5 6 7 8 9 10 11
10000111100110000111111001100111 3 4 5 6 7 8 9 10 11
11100111100110000111111001100111 3 4 5 6 7 8 9 10 11
10011111100110000111111001100111 3 4 5 6 7 8 9 10 11
11111111100110000111111001100111 3 4 5 6 7 8 9 10 11
10000000011110000111111001100111 3 4 5 6 7 8 9 10 11
11100000011110000111111001100111 3 4 5 6 7 8 9 10 11
10011000011110000111111001100111 3 4 5 6 7 8 9 10 11
11111000011110000111111001100111 3 4 5 6 7 8 9 10 11
10000110011110000111111001100111 3 4 5 6 7 8 9 10 11
11100110011110000111111001100111 3 4 5 6 7 8 9 10 11
10011110011110000111111001100111 3 4 5 6 7 8 9 10 11
11111110011110000111111001100111 3 4 5 6 7 8 9 10 11
10000001111110000111111001100111 3 4 5 6 7 8 9 10 11
11100001111110000111111001100111 3 4 5 6 7 8 9 10 11
10011001111110000111111001100111 3 4 5 6 7 8 9 10 11
11111001111110000111111001100111 3 4 5 6 7 8 9 10 11
10000111111110000111111001100111 3 4 5 6 7 8 9 10 11
11100111111110000111111001100111 3 4 5 6 7 8 9 10 11
10011111111110000111111001100111 3 4 5 6 7 8 9 10 11
11111111111110000111111001100111 3 4 5 6 7 8 9 10 11
10000000000001100111111000000111 3 4 5 6 7 8 9 10 11
11100000000001100111111000000111 3 4 5 6 7 8 9 10 11
10011000000001100111111000000111 3 4 5 6 7 8 9 10 11
11111000000001100111111000000111 3 4 5 6 7 8 9 10 11
10000110000001100111111000000111 3 4 5 6 7 8 9 10 11
11100110000001100111111000000111 3 4 5 6 7 8 9 10 11
10011110000001100111111000000111 3 4 5 6 7 8 9 10 11
11111110000001100111111000000111 3 4 5 6 7 8 9 10 11
10000001100001100111111001100111 3 4 5 6 7 8 9 10 11
11100001100001100111111001100111 3 4 5 6 7 8 9 10 11
10011001100001100111111001100111 3 4 5 6 7 8 9 10 11
11111001100001100111111001100111 3 4 5 6 7 8 9 10 11
10000111100001100111111001100111 3 4 5 6 7 8 9 10 11
11100111100001100111111001100111 3 4 5 6 7 8 9 10 11
10011111100001100111111001100111 3 4 5 6 7 8 9 10 11
11111111100001100111111001100111 3 4 5 6 7 8 9 10 11
10000000011001100111111001100111 3 4 5 6 7 8 9 10 11
11100000011001100111111001100111 3 4 5 6 7 8 9 10 11
10011000011001100111111001100111 3 4 5 6 7 8 9 10 11
11111000011001100111111001100111 3 4 5 6 7 8 9 10 11
10000110011001100111111001100111 3 4 5 6 7 8 9 10 11
11100110011001100111111001100111 3 4 5 6 7 8 9 10 11
10011110011001100111111001100111 3 4 5 6 7 8 9 10 11
11111110011001100111111001100111 3 4 5 6 7 8 9 10 11
10000001111001100111111001100111 3 4 5 6 7 8 9 10 11
11100001111001100111111001100111 3 4 5 6 7 8 9 10 11
10011001111001100111111001100111 3 4 5 6 7 8 9 10 11
11111001111001100111111001100111 3 4 5 6 7 8 9 10 11
10000111111001100111111001100111 3 4 5 6 7 8 9 10 11
11100111111001100111111001100111 3 4 5 6 7 8 9 10 11
10011111111001100111111001100111 3 4 5 6 7 8 9 10 11
11111111111001100111111001100111 3 4 5 6 7 8 9 10 11
10000000000111100111111001100111 3 4 5 6 7 8 9 10 11
11100000000111100111111001100111 3 4 5 6 7 8 9 10 11
10011000000111100111111001100111 3 4 5 6 7 8 9 10 11
11111000000111100111111001100111 3 4 5 6 7 8 9 10 11
10000110000111100111111001100111 3 4 5 6 7 8 9 10 11
11100110000111100111111001100111 3 4 5 6 7 8 9 10 11
10011110000111100111111001100111 3 4 5 6 7 8 9 10 11
11111110000111100111111001100111 3 4 5 6 7 8 9 10 11
10000001100111100111111001100111 3 4 5 6 7 8 9 10 11
11100001100111100111111001100111 3 4 5 6 7 8 9 10 11
10011001100111100111111001100111 3 4 5 6 7 8 9 10 11
11111001100111100111111001100111 3 4 5 6 7 8 9 10 11
10000111100111100111111001100111 3 4 5 6 7 8 9 10 11
11100111100111100111111001100111 3 4 5 6 7 8 9 10 11
10011111100111100111111001100111 3 4 5 6 7 8 9 10 11
11111111100111100111111001100111 3 4 5 6 7 8 9 10 11
10000000011111100111111001100111 3 4 5 6 7 8 9 10 11
11100000011111100111111001100111 3 4 5 6 7 8 9 10 11
10011000011111100111111001100111 3 4 5 6 7 8 9 10 11
11111000011111100111111001100111 3 4 5 6 7 8 9 10 11
10000110011111100111111001100111 3 4 5 6 7 8 9 10 11
11100110011111100111111001100111 3 4 5 6 7 8 9 10 11
10011110011111100111111001100111 3 4 5 6 7 8 9 10 11
11111110011111100111111001100111 3 4 5 6 7 8 9 10 11
10000001111111100111111001100111 3 4 5 6 7 8 9 10 11
11100001111111100111111001100111 3 4 5 6 7 8 9 10 11
10011001111111100111111001100111 3 4 5 6 7 8 9 10 11
11111001111111100111111001100111 3 4 5 6 7 8 9 10 11
10000111111111100111111001100111 3 4 5 6 7 8 9 10 11
11100111111111100111111001100111 3 4 5 6 7 8 9 10 11
10011111111111100111111001100111 3 4 5 6 7 8 9 10 11
11111111111111100111111001100111 3 4 5 6 7 8 9 10 11
10000000000000011111111000000111 3 4 5 6 7 8 9 10 11
11100000000000011111111000000111 3 4 5 6 7 8 9 10 11
10011000000000011111111000000111 3 4 5 6 7 8 9 10 11
11111000000000011111111000000111 3 4 5 6 7 8 9 10 11
10000110000000011111111000000111 3 4 5 6 7 8 9 10 11
11100110000000011111111000000111 3 4 5 6 7 8 9 10 11
10011110000000011111111000000111 3 4 5 6 7 8 9 10 11
11111110000000011111111000000111 3 4 5 6 7 8 9 10 11
10000001100000011111111001100111 3 4 5 6 7 8 9 10 11
11100001100000011111111001100111 3 4 5 6 7 8 9 10 11
10011001100000011111111001100111 3 4 5 6 7 8 9 10 11
11111001100000011111111001100111 3 4 5 6 7 8 9 10 11
10000111100000011111111001100111 3 4 5 6 7 8 9 10 11
11100111100000011111111001100111 3 4 5 6 7 8 9 10 11
10011111100000011111111001100111 3 4 5 6 7 8 9 10 11
11111111100000011111111001100111 3 4 5 6 7 8 9 10 11
10000000011000011111111001100111 3 4 5 6 7 8 9 10 11
11100000011000011111111001100111 3 4 5 6 7 8 9 10 11
10011000011000011111111001100111 3 4 5 6 7 8 9 10 11
11111000011000011111111001100111 3 4 5 6 7 8 9 10 11
10000110011000011111111001100111 3 4 5 6 7 8 9 10 11
11100110011000011111111001100111 3 4 5 6 7 8 9 10 11
10011110011000011111111001100111 3 4 5 6 7 8 9 10 11
11111110011000011111111001100111 3 4 5 6 7 8 9 10 11
10000001111000011111111001100111 3 4 5 6 7 8 9 10 11
11100001111000011111111001100111 3 4 5 6 7 8 9 10 11
10011001111000011111111001100111 3 4 5 6 7 8 9 10 11
11111001111000011111111001100111 3 4 5 6 7 8 9 10 11
10000111111000011111111001100111 3 4 5 6 7 8 9 10 11
11100111111000011111111001100111 3 4 5 6 7 8 9 10 11
10011111111000011111111001100111 3 4 5 6 7 8 9 10 11
11111111111000011111111001100111 3 4 5 6 7 8 9 10 11
10000000000110011111111001100111 3 4 5 6 7 8 9 10 11
11100000000110011111111001100111 3 4 5 6 7 8 9 10 11
10011000000110011111111001100111 3 4 5 6 7 8 9 10 11
11111000000110011111111001100111 3 4 5 6 7 8 9 10 11
10000110000110011111111001100111 3 4 5 6 7 8 9 10 11
11100110000110011111111001100111 3 4 5 6 7 8 9 10 11
10011110000110011111111001100111 3 4 5 6 7 8 9 10 11
11111110000110011111111001100111 3 4 5 6 7 8 9 10 11
10000001100110011111111001100111 3 4 5 6 7 8 9 10 11
11100001100110011111111001100111 3 4 5 6 7 8 9 10 11
10011001100110011111111001100111 3 4 5 6 7 8 9 10 11
11111001100110011111111001100111 3 4 5 6 7 8 9 10 11
10000111100110011111111001100111 3 4 5 6 7 8 9 10 11
11100111100110011111111001100111 3 4 5 6 7 8 9 10 11
10011111100110011111111001100111 3 4 5 6 7 8 9 10 11
11111111100110011111111001100111 3 4 5 6 7 8 9 10 11
10000000011110011111111001100111 3 4 5 6 7 8 9 10 11
11100000011110011111111001100111 3 4 5 6 7 8 9 10 11
10011000011110011111111001100111 3 4 5 6 7 8 9 10 11
11111000011110011111111001100111 3 4 5 6 7 8 9 10 11
10000110011110011111111001100111 3 4 5 6 7 8 9 10 11
11100110011110011111111001100111 3 4 5 6 7 8 9 10 11
10011110011110011111111001100111 3 4 5 6 7 8 9 10 11
11111110011110011111111001100111 3 4 5 6 7 8 9 10 11
10000001111110011111111001100111 3 4 5 6 7 8 9 10 11
11100001111110011111111001100111 3 4 5 6 7 8 9 10 11
10011001111110011111111001100111 3 4 5 6 7 8 9 10 11
11111001111110011111111001100111 3 4 5 6 7 8 9 10 11
10000111111110011111111001100111 3 4 5 6 7 8 9 10 11
11100111111110011111111001100111 3 4 5 6 7 8 9 10 11
10011111111110011111111001100111 3 4 5 6 7 8 9 10 11
11111111111110011111111001100111 3 4 5 6 7 8 9 10 11
10000000000001111111111000000111 3 4 5 6 7 8 9 10 11
11100000000001111111111000000111 3 4 5 6 7 8 9 10 11
10011000000001111111111000000111 3 4 5 6 7 8 9 10 11
11111000000001111111111000000111 3 4 5 6 7 8 9 10 11
10000110000001111111111000000111 3 4 5 6 7 8 9 10 11
11100110000001111111111000000111 3 4 5 6 7 8 9 10 11
10011110000001111111111000000111 3 4 5 6 7 8 9 10 11
11111110000001111111111000000111 3 4 5 6 7 8 9 10 11
10000001100001111111111001100111 3 4 5 6 7 8 9 10 11
11100001100001111111111001100111 3 4 5 6 7 8 9 10 11
10011001100001111111111001100111 3 4 5 6 7 8 9 10 11
11111001100001111111111001100111 3 4 5 6 7 8 9 10 11
10000111100001111111111001100111 3 4 5 6 7 8 9 10 11
11100111100001111111111001100111 3 4 5 6 7 8 9 10 11
10011111100001111111111001100111 3 4 5 6 7 8 9 10 11
11111111100001111111111001100111 3 4 5 6 7 8 9 10 11
10000000011001111111111001100111 3 4 5 6 7 8 9 10 11
11100000011001111111111001100111 3 4 5 6 7 8 9 10 11
10011000011001111111111001100111 3 4 5 6 7 8 9 10 11
11111000011001111111111001100111 3 4 5 6 7 8 9 10 11
10000110011001111111111001100111 3 4 5 6 7 8 9 10 11
11100110011001111111111001100111 3 4 5 6 7 8 9 10 11
10011110011001111111111001100111 3 4 5 6 7 8 9 10 11
11111110011001111111111001100111 3 4 5 6 7 8 9 10 11
10000001111001111111111001100111 3 4 5 6 7 8 9 10 11
11100001111001111111111001100111 3 4 5 6 7 8 9 10 11
10011001111001111111111001100111 3 4 5 6 7 8 9 10 11
11111001111001111111111001100111 3 4 5 6 7 8 9 10 11
10000111111001111111111001100111 3 4 5 6 7 8 9 10 11
11100111111001111111111001100111 3 4 5 6 7 8 9 10 11
10011111111001111111111001100111 3 4 5 6 7 8 9 10 11
11111111111001111111111001100111 3 4 5 6 7 8 9 10 11
10000000000111111111111001100111 3 4 5 6 7 8 9 10 11
11100000000111111111111001100111 3 4 5 6 7 8 9 10 11
10011000000111111111111001100111 3 4 5 6 7 8 9 10 11
11111000000111111111111001100111 3 4 5 6 7 8 9 10 11
10000110000111111111111001100111 3 4 5 6 7 8 9 10 11
11100110000111111111111001100111 3 4 5 6 7 8 9 10 11
10011110000111111111111001100111 3 4 5 6 7 8 9 10 11
11111110000111111111111001100111 3 4 5 6 7 8 9 10 11
10000001100111111111111001100111 3 4 5 6 7 8 9 10 11
11100001100111111111111001100111 3 4 5 6 7 8 9 10 11
10011001100111111111111001100111 3 4 5 6 7 8 9 10 11
11111001100111111111111001100111 3 4 5 6 7 8 9 10 11
10000111100111111111111001100111 3 4 5 6 7 8 9 10 11
11100111100111111111111001100111 3 4 5 6 7 8 9 10 11
10011111100111111111111001100111 3 4 5 6 7 8 9 10 11
11111111100111111111111001100111 3 4 5 6 7 8 9 10 11
10000000011111111111111001100111 3 4 5 6 7 8 9 10 11
11100000011111111111111001100111 3 4 5 6 7 8 9 10 11
10011000011111111111111001100111 3 4 5 6 7 8 9 10 11
11111000011111111111111001100111 3 4 5 6 7 8 9 10 11
